2022-07-01 00:23:51.757  INFO 22032 --- [SpringApplicationShutdownHook] j.LocalContainerEntityManagerFactoryBean : Closing JPA EntityManagerFactory for persistence unit 'default'
2022-07-01 00:23:51.763  INFO 22032 --- [SpringApplicationShutdownHook] .SchemaDropperImpl$DelayedDropActionImpl : HHH000477: Starting delayed evictData of schema as part of SessionFactory shut-down'
2022-07-01 00:23:51.811  INFO 22032 --- [SpringApplicationShutdownHook] com.zaxxer.hikari.HikariDataSource       : HikariPool-1 - Shutdown initiated...
2022-07-01 00:23:51.817  INFO 22032 --- [SpringApplicationShutdownHook] com.zaxxer.hikari.HikariDataSource       : HikariPool-1 - Shutdown completed.
2022-07-01 00:23:57.238  INFO 14088 --- [restartedMain] c.b.E.EmployeePayrollApplication         : Starting EmployeePayrollApplication using Java 18 on LAPTOP-AQOR4G4P with PID 14088 (C:\Users\Rajnish\Desktop\madhu\EmployeePayrollCFP\target\classes started by Rajnish in C:\Users\Rajnish\Desktop\madhu\EmployeePayrollCFP)
2022-07-01 00:23:57.239  INFO 14088 --- [restartedMain] c.b.E.EmployeePayrollApplication         : The following 1 profile is active: "dev"
2022-07-01 00:23:57.287  INFO 14088 --- [restartedMain] .e.DevToolsPropertyDefaultsPostProcessor : Devtools property defaults active! Set 'spring.devtools.add-properties' to 'false' to disable
2022-07-01 00:23:57.288  INFO 14088 --- [restartedMain] .e.DevToolsPropertyDefaultsPostProcessor : For additional web related logging consider setting the 'logging.level.web' property to 'DEBUG'
2022-07-01 00:23:57.809  INFO 14088 --- [restartedMain] .s.d.r.c.RepositoryConfigurationDelegate : Bootstrapping Spring Data JPA repositories in DEFAULT mode.
2022-07-01 00:23:57.863  INFO 14088 --- [restartedMain] .s.d.r.c.RepositoryConfigurationDelegate : Finished Spring Data repository scanning in 46 ms. Found 1 JPA repository interfaces.
2022-07-01 00:23:58.377  INFO 14088 --- [restartedMain] o.s.b.w.embedded.tomcat.TomcatWebServer  : Tomcat initialized with port(s): 8085 (http)
2022-07-01 00:23:58.394  INFO 14088 --- [restartedMain] o.apache.catalina.core.StandardService   : Starting service [Tomcat]
2022-07-01 00:23:58.394  INFO 14088 --- [restartedMain] org.apache.catalina.core.StandardEngine  : Starting Servlet engine: [Apache Tomcat/9.0.64]
2022-07-01 00:23:58.475  INFO 14088 --- [restartedMain] o.a.c.c.C.[Tomcat].[localhost].[/]       : Initializing Spring embedded WebApplicationContext
2022-07-01 00:23:58.476  INFO 14088 --- [restartedMain] w.s.c.ServletWebServerApplicationContext : Root WebApplicationContext: initialization completed in 1188 ms
2022-07-01 00:23:58.584  INFO 14088 --- [restartedMain] o.hibernate.jpa.internal.util.LogHelper  : HHH000204: Processing PersistenceUnitInfo [name: default]
2022-07-01 00:23:58.632  INFO 14088 --- [restartedMain] org.hibernate.Version                    : HHH000412: Hibernate ORM core version 5.6.9.Final
2022-07-01 00:23:58.744  INFO 14088 --- [restartedMain] o.hibernate.annotations.common.Version   : HCANN000001: Hibernate Commons Annotations {5.1.2.Final}
2022-07-01 00:23:58.819  INFO 14088 --- [restartedMain] com.zaxxer.hikari.HikariDataSource       : HikariPool-1 - Starting...
2022-07-01 00:23:58.822  WARN 14088 --- [restartedMain] com.zaxxer.hikari.util.DriverDataSource  : Registered driver with driverClassName=com.mysql.jdbc.Driver was not found, trying direct instantiation.
2022-07-01 00:23:59.128  INFO 14088 --- [restartedMain] com.zaxxer.hikari.HikariDataSource       : HikariPool-1 - Start completed.
2022-07-01 00:23:59.143  INFO 14088 --- [restartedMain] org.hibernate.dialect.Dialect            : HHH000400: Using dialect: org.hibernate.dialect.MySQL8Dialect
2022-07-01 00:23:59.659  INFO 14088 --- [restartedMain] o.h.e.t.j.p.i.JtaPlatformInitiator       : HHH000490: Using JtaPlatform implementation: [org.hibernate.engine.transaction.jta.platform.internal.NoJtaPlatform]
2022-07-01 00:23:59.665  INFO 14088 --- [restartedMain] j.LocalContainerEntityManagerFactoryBean : Initialized JPA EntityManagerFactory for persistence unit 'default'
2022-07-01 00:23:59.875  WARN 14088 --- [restartedMain] JpaBaseConfiguration$JpaWebConfiguration : spring.jpa.open-in-view is enabled by default. Therefore, database queries may be performed during view rendering. Explicitly configure spring.jpa.open-in-view to disable this warning
2022-07-01 00:24:00.061  WARN 14088 --- [restartedMain] ion$DefaultTemplateResolverConfiguration : Cannot find template location: classpath:/templates/ (please add some templates or check your Thymeleaf configuration)
2022-07-01 00:24:00.135  INFO 14088 --- [restartedMain] o.s.b.d.a.OptionalLiveReloadServer       : LiveReload server is running on port 35729
2022-07-01 00:24:00.171  INFO 14088 --- [restartedMain] o.s.b.w.embedded.tomcat.TomcatWebServer  : Tomcat started on port(s): 8085 (http) with context path ''
2022-07-01 00:24:00.183  INFO 14088 --- [restartedMain] c.b.E.EmployeePayrollApplication         : Started EmployeePayrollApplication in 3.302 seconds (JVM running for 4.023)
2022-07-01 00:24:00.186  INFO 14088 --- [restartedMain] c.b.E.EmployeePayrollApplication         : Employee payroll app started
2022-07-01 00:24:57.624  INFO 14088 --- [http-nio-8085-exec-1] o.a.c.c.C.[Tomcat].[localhost].[/]       : Initializing Spring DispatcherServlet 'dispatcherServlet'
2022-07-01 00:24:57.624  INFO 14088 --- [http-nio-8085-exec-1] o.s.web.servlet.DispatcherServlet        : Initializing Servlet 'dispatcherServlet'
2022-07-01 00:24:57.626  INFO 14088 --- [http-nio-8085-exec-1] o.s.web.servlet.DispatcherServlet        : Completed initialization in 1 ms
2022-07-01 00:24:57.856  WARN 14088 --- [http-nio-8085-exec-1] .m.m.a.ExceptionHandlerExceptionResolver : Resolved [org.springframework.web.bind.MethodArgumentNotValidException: Validation failed for argument [0] in public org.springframework.http.ResponseEntity<com.bridgelabz.EmployeePayroll.dto.ResponseDTO> com.bridgelabz.EmployeePayroll.controller.EmployeeController.getEmployee(com.bridgelabz.EmployeePayroll.dto.EmployeeModelDTO): [Field error in object 'employeeModelDTO' on field 'employeeName': rejected value [rony]; codes [Pattern.employeeModelDTO.employeeName,Pattern.employeeName,Pattern.java.lang.String,Pattern]; arguments [org.springframework.context.support.DefaultMessageSourceResolvable: codes [employeeModelDTO.employeeName,employeeName]; arguments []; default message [employeeName],[Ljavax.validation.constraints.Pattern$Flag;@3c7fb5a0,^[A-Z]{1}[a-zA-Z\s]{2,}$]; default message [Employee name invalid]] ]
